[2018-12-13 13:44:58.718] [exthost] [info] extension host started
[2018-12-13 13:44:59.019] [exthost] [info] ExtensionService#_doActivateExtension vscode.debug-auto-launch {"startup":true,"activationEvent":"*"}
[2018-12-13 13:44:59.028] [exthost] [info] ExtensionService#loadCommonJSModule /usr/share/code/resources/app/extensions/debug-auto-launch/dist/extension
[2018-12-13 13:44:59.082] [exthost] [info] ExtensionService#_doActivateExtension vscode.emmet {"startup":true,"activationEvent":"*"}
[2018-12-13 13:44:59.088] [exthost] [info] ExtensionService#loadCommonJSModule /usr/share/code/resources/app/extensions/emmet/dist/extension
[2018-12-13 13:44:59.212] [exthost] [info] ExtensionService#_doActivateExtension vscode.git {"startup":true,"activationEvent":"*"}
[2018-12-13 13:44:59.213] [exthost] [info] ExtensionService#loadCommonJSModule /usr/share/code/resources/app/extensions/git/dist/main
[2018-12-13 13:44:59.861] [exthost] [info] ExtensionService#_doActivateExtension vscode.merge-conflict {"startup":true,"activationEvent":"*"}
[2018-12-13 13:44:59.864] [exthost] [info] ExtensionService#loadCommonJSModule /usr/share/code/resources/app/extensions/merge-conflict/dist/extension
[2018-12-13 13:44:59.920] [exthost] [info] eager extensions activated
[2018-12-13 13:45:31.771] [exthost] [info] extension host started
[2018-12-13 13:45:32.189] [exthost] [info] ExtensionService#_doActivateExtension vscode.debug-auto-launch {"startup":true,"activationEvent":"*"}
[2018-12-13 13:45:32.193] [exthost] [info] ExtensionService#loadCommonJSModule /usr/share/code/resources/app/extensions/debug-auto-launch/dist/extension
[2018-12-13 13:45:32.286] [exthost] [info] ExtensionService#_doActivateExtension vscode.emmet {"startup":true,"activationEvent":"*"}
[2018-12-13 13:45:32.299] [exthost] [info] ExtensionService#loadCommonJSModule /usr/share/code/resources/app/extensions/emmet/dist/extension
[2018-12-13 13:45:32.670] [exthost] [info] ExtensionService#_doActivateExtension vscode.git {"startup":true,"activationEvent":"*"}
[2018-12-13 13:45:32.670] [exthost] [info] ExtensionService#loadCommonJSModule /usr/share/code/resources/app/extensions/git/dist/main
[2018-12-13 13:45:34.390] [exthost] [info] ExtensionService#_doActivateExtension vscode.merge-conflict {"startup":true,"activationEvent":"*"}
[2018-12-13 13:45:34.397] [exthost] [info] ExtensionService#loadCommonJSModule /usr/share/code/resources/app/extensions/merge-conflict/dist/extension
[2018-12-13 13:45:34.491] [exthost] [info] eager extensions activated
[2018-12-13 13:46:34.309] [exthost] [info] ExtensionService#_doActivateExtension vscode.configuration-editing {"startup":false,"activationEvent":"onLanguage:json"}
[2018-12-13 13:46:34.316] [exthost] [info] ExtensionService#loadCommonJSModule /usr/share/code/resources/app/extensions/configuration-editing/dist/extension
[2018-12-13 13:46:34.576] [exthost] [info] ExtensionService#_doActivateExtension vscode.extension-editing {"startup":false,"activationEvent":"onLanguage:json"}
[2018-12-13 13:46:34.583] [exthost] [info] ExtensionService#loadCommonJSModule /usr/share/code/resources/app/extensions/extension-editing/dist/extension
[2018-12-13 13:46:35.365] [exthost] [info] ExtensionService#_doActivateExtension vscode.json-language-features {"startup":false,"activationEvent":"onLanguage:json"}
[2018-12-13 13:46:35.383] [exthost] [info] ExtensionService#loadCommonJSModule /usr/share/code/resources/app/extensions/json-language-features/client/dist/jsonMain
[2018-12-13 13:46:37.261] [exthost] [info] ExtensionService#_doActivateExtension vscode.npm {"startup":false,"activationEvent":"onLanguage:json"}
[2018-12-13 13:46:37.280] [exthost] [info] ExtensionService#loadCommonJSModule /usr/share/code/resources/app/extensions/npm/dist/main
[2018-12-13 13:56:01.069] [exthost] [info] extension host started
[2018-12-13 13:56:02.198] [exthost] [info] ExtensionService#_doActivateExtension vscode.debug-auto-launch {"startup":true,"activationEvent":"*"}
[2018-12-13 13:56:02.217] [exthost] [info] ExtensionService#loadCommonJSModule /usr/share/code/resources/app/extensions/debug-auto-launch/dist/extension
[2018-12-13 13:56:02.406] [exthost] [info] ExtensionService#_doActivateExtension vscode.emmet {"startup":true,"activationEvent":"*"}
[2018-12-13 13:56:02.409] [exthost] [info] ExtensionService#loadCommonJSModule /usr/share/code/resources/app/extensions/emmet/dist/extension
[2018-12-13 13:56:03.319] [exthost] [info] ExtensionService#_doActivateExtension vscode.git {"startup":true,"activationEvent":"*"}
[2018-12-13 13:56:03.321] [exthost] [info] ExtensionService#loadCommonJSModule /usr/share/code/resources/app/extensions/git/dist/main
[2018-12-13 13:56:08.600] [exthost] [info] ExtensionService#_doActivateExtension vscode.merge-conflict {"startup":true,"activationEvent":"*"}
[2018-12-13 13:56:08.603] [exthost] [info] ExtensionService#loadCommonJSModule /usr/share/code/resources/app/extensions/merge-conflict/dist/extension
[2018-12-13 13:56:09.171] [exthost] [info] eager extensions activated
[2018-12-13 13:58:53.219] [exthost] [info] extension host started
[2018-12-13 13:58:54.521] [exthost] [info] ExtensionService#_doActivateExtension vscode.debug-auto-launch {"startup":true,"activationEvent":"*"}
[2018-12-13 13:58:54.526] [exthost] [info] ExtensionService#loadCommonJSModule /usr/share/code/resources/app/extensions/debug-auto-launch/dist/extension
[2018-12-13 13:58:54.803] [exthost] [info] ExtensionService#_doActivateExtension vscode.emmet {"startup":true,"activationEvent":"*"}
[2018-12-13 13:58:54.806] [exthost] [info] ExtensionService#loadCommonJSModule /usr/share/code/resources/app/extensions/emmet/dist/extension
[2018-12-13 13:58:55.515] [exthost] [info] ExtensionService#_doActivateExtension vscode.git {"startup":true,"activationEvent":"*"}
[2018-12-13 13:58:55.527] [exthost] [info] ExtensionService#loadCommonJSModule /usr/share/code/resources/app/extensions/git/dist/main
[2018-12-13 13:59:00.896] [exthost] [info] ExtensionService#_doActivateExtension vscode.merge-conflict {"startup":true,"activationEvent":"*"}
[2018-12-13 13:59:00.903] [exthost] [info] ExtensionService#loadCommonJSModule /usr/share/code/resources/app/extensions/merge-conflict/dist/extension
[2018-12-13 13:59:08.220] [exthost] [info] ExtensionService#_doActivateExtension felixfbecker.php-intellisense {"startup":true,"activationEvent":"workspaceContainsTimeout:**/*.php"}
[2018-12-13 13:59:08.220] [exthost] [info] ExtensionService#loadCommonJSModule /root/.vscode/extensions/felixfbecker.php-intellisense-2.3.10/out/extension
[2018-12-13 13:59:12.844] [exthost] [info] eager extensions activated
[2018-12-13 14:04:00.908] [exthost] [info] extension host started
[2018-12-13 14:04:01.818] [exthost] [info] ExtensionService#_doActivateExtension vscode.debug-auto-launch {"startup":true,"activationEvent":"*"}
[2018-12-13 14:04:01.819] [exthost] [info] ExtensionService#loadCommonJSModule /usr/share/code/resources/app/extensions/debug-auto-launch/dist/extension
[2018-12-13 14:04:02.181] [exthost] [info] ExtensionService#_doActivateExtension vscode.emmet {"startup":true,"activationEvent":"*"}
[2018-12-13 14:04:02.191] [exthost] [info] ExtensionService#loadCommonJSModule /usr/share/code/resources/app/extensions/emmet/dist/extension
[2018-12-13 14:04:03.169] [exthost] [info] ExtensionService#_doActivateExtension vscode.git {"startup":true,"activationEvent":"*"}
[2018-12-13 14:04:03.176] [exthost] [info] ExtensionService#loadCommonJSModule /usr/share/code/resources/app/extensions/git/dist/main
[2018-12-13 14:04:06.526] [exthost] [info] ExtensionService#_doActivateExtension vscode.merge-conflict {"startup":true,"activationEvent":"*"}
[2018-12-13 14:04:06.526] [exthost] [info] ExtensionService#loadCommonJSModule /usr/share/code/resources/app/extensions/merge-conflict/dist/extension
[2018-12-13 14:04:06.938] [exthost] [info] ExtensionService#_doActivateExtension Atishay-Jain.All-Autocomplete {"startup":true,"activationEvent":"*"}
[2018-12-13 14:04:06.942] [exthost] [info] ExtensionService#loadCommonJSModule /root/.vscode/extensions/atishay-jain.all-autocomplete-0.0.18/out/src/extension
[2018-12-13 14:04:14.424] [exthost] [info] ExtensionService#_doActivateExtension felixfbecker.php-intellisense {"startup":true,"activationEvent":"workspaceContainsTimeout:**/*.php"}
[2018-12-13 14:04:14.424] [exthost] [info] ExtensionService#loadCommonJSModule /root/.vscode/extensions/felixfbecker.php-intellisense-2.3.10/out/extension
[2018-12-13 14:04:18.925] [exthost] [info] eager extensions activated
[2018-12-13 14:06:53.311] [exthost] [info] extension host started
[2018-12-13 14:06:54.389] [exthost] [info] ExtensionService#_doActivateExtension vscode.debug-auto-launch {"startup":true,"activationEvent":"*"}
[2018-12-13 14:06:54.406] [exthost] [info] ExtensionService#loadCommonJSModule /usr/share/code/resources/app/extensions/debug-auto-launch/dist/extension
[2018-12-13 14:06:54.598] [exthost] [info] ExtensionService#_doActivateExtension vscode.emmet {"startup":true,"activationEvent":"*"}
[2018-12-13 14:06:54.608] [exthost] [info] ExtensionService#loadCommonJSModule /usr/share/code/resources/app/extensions/emmet/dist/extension
[2018-12-13 14:06:55.536] [exthost] [info] ExtensionService#_doActivateExtension vscode.git {"startup":true,"activationEvent":"*"}
[2018-12-13 14:06:55.537] [exthost] [info] ExtensionService#loadCommonJSModule /usr/share/code/resources/app/extensions/git/dist/main
[2018-12-13 14:06:58.986] [exthost] [info] ExtensionService#_doActivateExtension vscode.merge-conflict {"startup":true,"activationEvent":"*"}
[2018-12-13 14:06:58.988] [exthost] [info] ExtensionService#loadCommonJSModule /usr/share/code/resources/app/extensions/merge-conflict/dist/extension
[2018-12-13 14:06:59.175] [exthost] [info] ExtensionService#_doActivateExtension Atishay-Jain.All-Autocomplete {"startup":true,"activationEvent":"*"}
[2018-12-13 14:06:59.181] [exthost] [info] ExtensionService#loadCommonJSModule /root/.vscode/extensions/atishay-jain.all-autocomplete-0.0.18/out/src/extension
[2018-12-13 14:06:59.460] [exthost] [info] ExtensionService#_doActivateExtension formulahendry.auto-close-tag {"startup":true,"activationEvent":"*"}
[2018-12-13 14:06:59.464] [exthost] [info] ExtensionService#loadCommonJSModule /root/.vscode/extensions/formulahendry.auto-close-tag-0.5.6/out/src/extension
[2018-12-13 14:07:06.519] [exthost] [info] ExtensionService#_doActivateExtension felixfbecker.php-intellisense {"startup":true,"activationEvent":"workspaceContainsTimeout:**/*.php"}
[2018-12-13 14:07:06.519] [exthost] [info] ExtensionService#loadCommonJSModule /root/.vscode/extensions/felixfbecker.php-intellisense-2.3.10/out/extension
[2018-12-13 14:07:12.611] [exthost] [info] eager extensions activated
[2018-12-13 14:09:45.823] [exthost] [info] ExtensionService#_doActivateExtension vscode.html-language-features {"startup":false,"activationEvent":"onLanguage:html"}
[2018-12-13 14:09:45.824] [exthost] [info] ExtensionService#loadCommonJSModule /usr/share/code/resources/app/extensions/html-language-features/client/dist/htmlMain
[2018-12-13 14:55:06.813] [exthost] [info] ExtensionService#_doActivateExtension vscode.php-language-features {"startup":false,"activationEvent":"onLanguage:php"}
[2018-12-13 14:55:06.813] [exthost] [info] ExtensionService#loadCommonJSModule /usr/share/code/resources/app/extensions/php-language-features/dist/phpMain
